<?xml version="1.0" encoding="UTF-8"?>
<testng-results ignored="0" total="1" passed="1" failed="0" skipped="0">
  <reporter-output>
  </reporter-output>
  <suite started-at="2022-12-02T09:57:38 IST" name="Default suite" finished-at="2022-12-02T09:57:43 IST" duration-ms="5123">
    <groups>
    </groups>
    <test started-at="2022-12-02T09:57:38 IST" name="Default test" finished-at="2022-12-02T09:57:43 IST" duration-ms="5123">
      <class name="com.crm.qa.testcases.HomePageTest">
        <test-method is-config="true" signature="setUp()[pri:0, instance:com.crm.qa.testcases.HomePageTest@38604b81]" started-at="2022-12-02T09:57:38 IST" name="setUp" finished-at="2022-12-02T09:57:43 IST" duration-ms="4962" status="PASS">
          <reporter-output>
          </reporter-output>
        </test-method> <!-- setUp -->
        <test-method signature="VerifyTitleTest()[pri:2, instance:com.crm.qa.testcases.HomePageTest@38604b81]" started-at="2022-12-02T09:57:43 IST" name="VerifyTitleTest" finished-at="2022-12-02T09:57:43 IST" duration-ms="46" status="PASS">
          <reporter-output>
          </reporter-output>
        </test-method> <!-- VerifyTitleTest -->
      </class> <!-- com.crm.qa.testcases.HomePageTest -->
    </test> <!-- Default test -->
  </suite> <!-- Default suite -->
</testng-results>
