<?xml version="1.0" encoding="UTF-8"?>
<!-- Generated by org.testng.reporters.JUnitXMLReporter -->
<testsuite ignored="4" hostname="LAPTOP-CTUS1HUE" failures="2" tests="3" name="Test" time="11.753" errors="0" timestamp="2022-12-02T09:16:40 IST">
  <testcase classname="com.crm.qa.testcases.HomePageTest" name="setUp" time="11.436"/>
  <testcase classname="com.crm.qa.testcases.HomePageTest" name="VerifyTitleTest" time="0.015">
    <failure type="java.lang.NullPointerException">
      <![CDATA[java.lang.NullPointerException
at com.crm.qa.pages.HomePage.validateHomePageTitle(HomePage.java:49)
at com.crm.qa.testcases.HomePageTest.VerifyTitleTest(HomePageTest.java:32)
at java.base/java.util.ArrayList.forEach(ArrayList.java:1541)
... Removed 27 stack frames]]>
    </failure>
  </testcase> <!-- VerifyTitleTest -->
  <testcase classname="com.crm.qa.testcases.HomePageTest" name="tearDown" time="0.041">
    <failure type="java.lang.NullPointerException">
      <![CDATA[java.lang.NullPointerException
at com.crm.qa.testcases.HomePageTest.tearDown(HomePageTest.java:65)
at java.base/java.util.ArrayList.forEach(ArrayList.java:1541)
... Removed 27 stack frames]]>
    </failure>
  </testcase> <!-- tearDown -->
  <testcase classname="com.crm.qa.testcases.HomePageTest" name="accountSectionTest" time="0.0">
    <ignored/>
  </testcase> <!-- accountSectionTest -->
  <testcase classname="com.crm.qa.testcases.HomePageTest" name="currencySectionTest" time="0.0">
    <ignored/>
  </testcase> <!-- currencySectionTest -->
  <testcase classname="com.crm.qa.testcases.HomePageTest" name="spainEURtest" time="0.0">
    <ignored/>
  </testcase> <!-- spainEURtest -->
  <testcase classname="com.crm.qa.testcases.HomePageTest" name="productSectionTest" time="0.0">
    <ignored/>
  </testcase> <!-- productSectionTest -->
</testsuite> <!-- Test -->
